<?xml version="1.0" encoding="UTF-8"?>
<!-- Generated by org.testng.reporters.JUnitReportReporter -->
<testsuite skipped="0" hostname="DESKTOP-9P1MDVM" name="com.tests.screenshots.TestActitime" tests="1" failures="0" timestamp="20 Sep 2020 16:03:04 GMT" time="37.853" errors="0">
  <testcase name="signupMath" time="37.853" classname="com.tests.screenshots.TestActitime"/>
</testsuite> <!-- com.tests.screenshots.TestActitime -->
